2023-10-21 19:08:22.112 [error] node #3: https://az764295.vo.msecnd.net/extensions/marketplace.json - error GET getaddrinfo EAI_AGAIN az764295.vo.msecnd.net
2023-10-21 19:09:37.683 [error] node #4: https://marketplace.visualstudio.com/_apis/public/gallery/extensionquery - error POST getaddrinfo EAI_AGAIN marketplace.visualstudio.com
2023-10-21 19:09:39.701 [error] node #5: https://mobile.events.data.microsoft.com/OneCollector/1.0?cors=true&content-type=application/x-json-stream - error POST getaddrinfo EAI_AGAIN mobile.events.data.microsoft.com
2023-10-21 19:09:41.818 [error] node #6: https://demystifying-javascript.gallerycdn.vsassets.io/extensions/demystifying-javascript/python-extensions-pack/1.0.2/1678275079890/Microsoft.VisualStudio.Code.Manifest - error GET getaddrinfo EAI_AGAIN demystifying-javascript.gallerycdn.vsassets.io
2023-10-21 19:09:41.822 [error] node #7: https://demystifying-javascript.gallery.vsassets.io/_apis/public/gallery/publisher/demystifying-javascript/extension/python-extensions-pack/1.0.2/assetbyname/Microsoft.VisualStudio.Code.Manifest - error GET getaddrinfo EAI_AGAIN demystifying-javascript.gallery.vsassets.io
2023-10-21 19:09:42.314 [error] node #8: https://mobile.events.data.microsoft.com/OneCollector/1.0?cors=true&content-type=application/x-json-stream - error POST getaddrinfo EAI_AGAIN mobile.events.data.microsoft.com
2023-10-21 19:09:42.356 [error] node #9: https://ms-toolsai.gallerycdn.vsassets.io/extensions/ms-toolsai/vscode-jupyter-powertoys/0.0.8/1683243582777/Microsoft.VisualStudio.Code.Manifest - error GET getaddrinfo EAI_AGAIN ms-toolsai.gallerycdn.vsassets.io
2023-10-21 19:09:42.362 [error] node #10: https://ms-toolsai.gallery.vsassets.io/_apis/public/gallery/publisher/ms-toolsai/extension/vscode-jupyter-powertoys/0.0.8/assetbyname/Microsoft.VisualStudio.Code.Manifest - error GET getaddrinfo EAI_AGAIN ms-toolsai.gallery.vsassets.io
2023-10-21 19:09:47.988 [error] node #11: https://mobile.events.data.microsoft.com/OneCollector/1.0?cors=true&content-type=application/x-json-stream - error POST getaddrinfo EAI_AGAIN mobile.events.data.microsoft.com
2023-10-21 19:09:51.154 [error] node #12: https://mobile.events.data.microsoft.com/OneCollector/1.0?cors=true&content-type=application/x-json-stream - error POST getaddrinfo EAI_AGAIN mobile.events.data.microsoft.com
2023-10-21 19:12:31.242 [error] node #13: https://ms-toolsai.gallerycdn.vsassets.io/extensions/ms-toolsai/vscode-jupyter-slideshow/0.1.5/1664403884267/Microsoft.VisualStudio.Code.Manifest - error GET getaddrinfo EAI_AGAIN ms-toolsai.gallerycdn.vsassets.io
2023-10-21 19:12:31.248 [error] node #14: https://ms-toolsai.gallery.vsassets.io/_apis/public/gallery/publisher/ms-toolsai/extension/vscode-jupyter-slideshow/0.1.5/assetbyname/Microsoft.VisualStudio.Code.Manifest - error GET getaddrinfo EAI_AGAIN ms-toolsai.gallery.vsassets.io
2023-10-21 19:12:40.393 [error] node #15: https://ms-toolsai.gallerycdn.vsassets.io/extensions/ms-toolsai/jupyter-hub/2023.9.1002770152/1696483050564/Microsoft.VisualStudio.Code.Manifest - error GET getaddrinfo EAI_AGAIN ms-toolsai.gallerycdn.vsassets.io
2023-10-21 19:12:40.397 [error] node #16: https://ms-toolsai.gallery.vsassets.io/_apis/public/gallery/publisher/ms-toolsai/extension/jupyter-hub/2023.9.1002770152/assetbyname/Microsoft.VisualStudio.Code.Manifest - error GET getaddrinfo EAI_AGAIN ms-toolsai.gallery.vsassets.io
2023-10-21 19:12:41.567 [error] node #17: https://mobile.events.data.microsoft.com/OneCollector/1.0?cors=true&content-type=application/x-json-stream - error POST getaddrinfo EAI_AGAIN mobile.events.data.microsoft.com
2023-10-21 19:12:44.289 [error] node #18: https://mobile.events.data.microsoft.com/OneCollector/1.0?cors=true&content-type=application/x-json-stream - error POST getaddrinfo EAI_AGAIN mobile.events.data.microsoft.com
2023-10-21 19:12:46.198 [error] node #19: https://ms-python.gallerycdn.vsassets.io/extensions/ms-python/python/2023.18.0/1696538112271/Microsoft.VisualStudio.Code.Manifest - error GET getaddrinfo EAI_AGAIN ms-python.gallerycdn.vsassets.io
2023-10-21 19:12:46.206 [error] node #20: https://ms-python.gallery.vsassets.io/_apis/public/gallery/publisher/ms-python/extension/python/2023.18.0/assetbyname/Microsoft.VisualStudio.Code.Manifest - error GET getaddrinfo EAI_AGAIN ms-python.gallery.vsassets.io
2023-10-21 19:13:12.656 [error] node #21: https://marketplace.visualstudio.com/_apis/public/gallery/extensionquery - error POST getaddrinfo EAI_AGAIN marketplace.visualstudio.com
2023-10-21 19:13:12.773 [error] node #22: https://mobile.events.data.microsoft.com/OneCollector/1.0?cors=true&content-type=application/x-json-stream - error POST getaddrinfo EAI_AGAIN mobile.events.data.microsoft.com
2023-10-21 19:13:15.309 [error] node #23: https://mobile.events.data.microsoft.com/OneCollector/1.0?cors=true&content-type=application/x-json-stream - error POST getaddrinfo EAI_AGAIN mobile.events.data.microsoft.com
2023-10-21 19:13:41.642 [error] node #24: https://az764295.vo.msecnd.net/extensions/marketplace.json - error GET getaddrinfo EAI_AGAIN az764295.vo.msecnd.net
2023-10-21 19:13:41.645 [error] node #25: https://ms-toolsai.gallerycdn.vsassets.io/extensions/ms-toolsai/jupyter-hub/2023.9.1002770152/1696483050564/Microsoft.VisualStudio.Code.Manifest - error GET getaddrinfo EAI_AGAIN ms-toolsai.gallerycdn.vsassets.io
2023-10-21 19:13:41.649 [error] node #26: https://ms-toolsai.gallery.vsassets.io/_apis/public/gallery/publisher/ms-toolsai/extension/jupyter-hub/2023.9.1002770152/assetbyname/Microsoft.VisualStudio.Code.Manifest - error GET getaddrinfo EAI_AGAIN ms-toolsai.gallery.vsassets.io
2023-10-21 19:13:44.244 [error] node #27: https://ms-toolsai.gallerycdn.vsassets.io/extensions/ms-toolsai/vscode-jupyter-powertoys/0.0.8/1683243582777/Microsoft.VisualStudio.Code.Manifest - error GET getaddrinfo EAI_AGAIN ms-toolsai.gallerycdn.vsassets.io
2023-10-21 19:13:44.247 [error] node #28: https://ms-toolsai.gallery.vsassets.io/_apis/public/gallery/publisher/ms-toolsai/extension/vscode-jupyter-powertoys/0.0.8/assetbyname/Microsoft.VisualStudio.Code.Manifest - error GET getaddrinfo EAI_AGAIN ms-toolsai.gallery.vsassets.io
2023-10-21 19:14:29.096 [error] node #29: https://mobile.events.data.microsoft.com/OneCollector/1.0?cors=true&content-type=application/x-json-stream - error POST getaddrinfo EAI_AGAIN mobile.events.data.microsoft.com
2023-10-21 19:14:32.134 [error] node #30: https://mobile.events.data.microsoft.com/OneCollector/1.0?cors=true&content-type=application/x-json-stream - error POST getaddrinfo EAI_AGAIN mobile.events.data.microsoft.com
